<?xml version="1.0" encoding="UTF-8"?>
<testng-results skipped="0" failed="0" ignored="0" total="2" passed="2">
  <reporter-output>
  </reporter-output>
  <suite name="Default Suite" duration-ms="31697" started-at="2018-11-02T09:35:20 CST" finished-at="2018-11-02T09:35:52 CST">
    <groups>
    </groups>
    <test name="SolutionSelenium" duration-ms="31697" started-at="2018-11-02T09:35:20 CST" finished-at="2018-11-02T09:35:52 CST">
      <class name="TestCase.Yun_Login_Test">
        <test-method status="PASS" signature="setUp()[pri:0, instance:TestCase.Yun_Login_Test@3c77d488]" name="setUp" is-config="true" duration-ms="4024" started-at="2018-11-02T09:35:25 CST" finished-at="2018-11-02T09:35:29 CST">
          <reporter-output>
          </reporter-output>
        </test-method> <!-- setUp -->
        <test-method status="PASS" signature="testLogin()[pri:0, instance:TestCase.Yun_Login_Test@3c77d488]" name="testLogin" duration-ms="22396" started-at="2018-11-02T09:35:29 CST" finished-at="2018-11-02T09:35:51 CST">
          <reporter-output>
          </reporter-output>
        </test-method> <!-- testLogin -->
        <test-method status="PASS" signature="tearDown()[pri:0, instance:TestCase.Yun_Login_Test@3c77d488]" name="tearDown" is-config="true" duration-ms="196" started-at="2018-11-02T09:35:52 CST" finished-at="2018-11-02T09:35:52 CST">
          <reporter-output>
          </reporter-output>
        </test-method> <!-- tearDown -->
      </class> <!-- TestCase.Yun_Login_Test -->
      <class name="TestCase.YunErp_Login_test">
        <test-method status="PASS" signature="setUp()[pri:0, instance:TestCase.YunErp_Login_test@63376bed]" name="setUp" is-config="true" duration-ms="4748" started-at="2018-11-02T09:35:20 CST" finished-at="2018-11-02T09:35:25 CST">
          <reporter-output>
          </reporter-output>
        </test-method> <!-- setUp -->
        <test-method status="PASS" signature="logintest()[pri:0, instance:TestCase.YunErp_Login_test@63376bed]" name="logintest" duration-ms="227" started-at="2018-11-02T09:35:51 CST" finished-at="2018-11-02T09:35:51 CST">
          <reporter-output>
          </reporter-output>
        </test-method> <!-- logintest -->
        <test-method status="PASS" signature="tearDown()[pri:0, instance:TestCase.YunErp_Login_test@63376bed]" name="tearDown" is-config="true" duration-ms="69" started-at="2018-11-02T09:35:51 CST" finished-at="2018-11-02T09:35:52 CST">
          <reporter-output>
          </reporter-output>
        </test-method> <!-- tearDown -->
      </class> <!-- TestCase.YunErp_Login_test -->
    </test> <!-- SolutionSelenium -->
  </suite> <!-- Default Suite -->
</testng-results>
